<?xml version="1.0" encoding="UTF-8" ?>
<testsuite errors="0" failures="0" hostname="lazcatlucwin7" name="ro.lazcatluc.lambda.streams.EratosteneTest" skipped="0" tests="3" time="0.267" timestamp="2013-08-09T11:55:00">
  <properties>
    <property name="libs.jsp-compiler.javadoc" value="" />
    <property name="netbeans.autoupdate.country" value="US" />
    <property name="nb.wait.for.caches" value="true" />
    <property name="javac.test.classpath" value=":build/classes:D:/NetBeansProjects/prime-sieve/java/lib/junit_4/junit-4.10.jar" />
    <property name="libs.jsf20.maven-pom" value="" />
    <property name="libs.junit.javadoc" value="D:/NetBeansProjects/prime-sieve/java/lib/junit/junit-3.8.2-api.zip" />
    <property name="ant.core.lib" value="D:\NetBeans Dev 201308072300\extide\ant\lib\ant.jar" />
    <property name="javadoc.windowtitle" value="" />
    <property name="libs.jsp-compilation.javadoc" value="" />
    <property name="user.dir" value="D:\NetBeansProjects\prime-sieve\java" />
    <property name="libs.javaee-api-7.0.src" value="" />
    <property name="libs.hibernate-persistence.javadoc" value="" />
    <property name="java.vm.version" value="25.0-b43" />
    <property name="libs.MySQLDriver.classpath" value="D:\NetBeans Dev 201308072300\ide\modules\ext\mysql-connector-java-5.1.23-bin.jar" />
    <property name="libs.eclipselinkmodelgen.src" value="" />
    <property name="javadoc.notree" value="false" />
    <property name="netbeans.autoupdate.version" value="1.23" />
    <property name="libs.EclipseLink-GlassFish-v3.classpath" value="E:\glassfish3\glassfish\modules\org.eclipse.persistence.antlr.jar;E:\glassfish3\glassfish\modules\org.eclipse.persistence.asm.jar;E:\glassfish3\glassfish\modules\org.eclipse.persistence.core.jar;E:\glassfish3\glassfish\modules\org.eclipse.persistence.jpa.jar;E:\glassfish3\glassfish\modules\org.eclipse.persistence.jpa.modelgen.jar;E:\glassfish3\glassfish\modules\org.eclipse.persistence.moxy.jar;E:\glassfish3\glassfish\modules\org.eclipse.persistence.oracle.jar;E:\glassfish3\glassfish\modules\javax.persistence.jar" />
    <property name="libs.javaee-web-api-6.0.classpath" value="D:\NetBeans Dev 201308072300\enterprise\modules\ext\javaee-web-api-6.0.jar" />
    <property name="libs.hibernate-support.maven-pom" value="" />
    <property name="libs.hibernate-support.javadoc" value="" />
    <property name="libs.Java-EE-GlassFish-v3-Prelude.javadoc" value="E:\NetBeans 7.3.1\enterprise\docs\javaee-doc-api.jar" />
    <property name="javac.profile.cmd.line.arg" value="" />
    <property name="jdk.home" value="D:\Java\jdk1.8.0" />
    <property name="libs.javac-api.src" value="" />
    <property name="javadoc.noindex" value="false" />
    <property name="sun.os.patch.level" value="Service Pack 1" />
    <property name="libs.Java-EE-GlassFish-v3-Prelude.src" value="" />
    <property name="do.archive+manifest.available" value="true" />
    <property name="java.vm.specification.name" value="Java Virtual Machine Specification" />
    <property name="nb.show.statistics.ui" value="usageStatisticsEnabled" />
    <property name="netbeans.autoupdate.variant" value="" />
    <property name="have.tests" value="true" />
    <property name="org.xml.sax.driver" value="com.sun.org.apache.xerces.internal.jaxp.SAXParserImpl$JAXPSAXParser" />
    <property name="libs.javac-api.javadoc" value="" />
    <property name="os.name" value="Windows 7" />
    <property name="libs.beans-binding.classpath" value="D:\NetBeans Dev 201308072300\java\modules\ext\beansbinding-1.2.1.jar" />
    <property name="libs.javaee-endorsed-api-7.0.maven-pom" value="" />
    <property name="ap.proc.none.internal" value="" />
    <property name="libs.restapi.javadoc" value="" />
    <property name="libs.JWSAntTasks.maven-pom" value="" />
    <property name="jnlp.signing.keystore" value="" />
    <property name="libs.jstl.classpath" value="D:\NetBeans Dev 201308072300\enterprise\modules\ext\jstl-impl.jar;D:\NetBeans Dev 201308072300\enterprise\modules\ext\jstl-api.jar" />
    <property name="libs.testng.src" value="" />
    <property name="libs.spring-webmvc3.0.src" value="" />
    <property name="libs.restapi.classpath" value="D:\NetBeans Dev 201308072300\enterprise\modules\ext\jaxrs-2.0\javax.ws.rs-api-2.0.jar" />
    <property name="java.vendor.url.bug" value="http://bugreport.sun.com/bugreport/" />
    <property name="libs.jaxb.maven-pom" value="" />
    <property name="os.arch" value="amd64" />
    <property name="libs.eclipselink.src" value="" />
    <property name="user.name" value="Catalin" />
    <property name="libs.jsf12.javadoc" value="D:\NetBeans Dev 201308072300\enterprise\docs\javaee-doc-api.jar" />
    <property name="libs.Comet-GlassFish-v3.javadoc" value="" />
    <property name="copylibs.rebase" value="true" />
    <property name="libs.spring-webmvc3.0.maven-pom" value="" />
    <property name="libs.swing-layout.maven-pom" value="" />
    <property name="sun.java.command" value="org.apache.tools.ant.taskdefs.optional.junit.JUnitTestRunner ro.lazcatluc.lambda.streams.EratosteneTest filtertrace=true haltOnError=false haltOnFailure=false showoutput=true outputtoformatters=true logfailedtests=true logtestlistenerevents=true formatter=org.apache.tools.ant.taskdefs.optional.junit.BriefJUnitResultFormatter formatter=org.apache.tools.ant.taskdefs.optional.junit.XMLJUnitResultFormatter,D:\NetBeansProjects\prime-sieve\java\build\test\results\TEST-ro.lazcatluc.lambda.streams.EratosteneTest.xml crashfile=D:\NetBeansProjects\prime-sieve\java\build\junitvmwatcher181507027705209162.properties propsfile=D:\NetBeansProjects\prime-sieve\java\build\junit4445101382604423906.properties" />
    <property name="build.classes.dir" value="build/classes" />
    <property name="netbeans.accept_license_class" value="org.netbeans.license.AcceptLicense" />
    <property name="jnlp.descriptor" value="application" />
    <property name="build.sysclasspath" value="ignore" />
    <property name="ap.supported.internal" value="true" />
    <property name="libs.javaee-endorsed-api-7.0.javadoc" value="D:\NetBeans Dev 201308072300\enterprise\docs\javaee-doc-api.jar" />
    <property name="libs.jaxws21.javadoc" value="D:\NetBeans Dev 201308072300\java\docs\jaxws-api-doc.zip" />
    <property name="socksProxyPort" value="9090" />
    <property name="includes" value="**" />
    <property name="user.country" value="US" />
    <property name="manifest.file" value="manifest.mf" />
    <property name="javadoc.encoding" value="UTF-8" />
    <property name="javac.classpath" value="" />
    <property name="libs.jsp-compilation-syscp.src" value="" />
    <property name="debug-transport" value="dt_shmem" />
    <property name="netbeans.home" value="D:\NetBeans Dev 201308072300\platform" />
    <property name="build.compiler.emacs" value="true" />
    <property name="libs.javaee-web-api-6.0.src" value="" />
    <property name="libs.ejb3-persistence.src" value="" />
    <property name="libs.jsp-compilation-syscp.classpath" value="D:\NetBeans Dev 201308072300\extide\ant\lib\ant.jar;D:\NetBeans Dev 201308072300\enterprise\modules\ext\servlet3.1-jsp2.3-api.jar;D:\NetBeans Dev 201308072300\enterprise\modules\ext\glassfish-jspparser-4.0.jar;D:\NetBeans Dev 201308072300\enterprise\modules\ext\jstl-impl.jar;D:\NetBeans Dev 201308072300\enterprise\modules\ext\jsf-2_2\javax.faces.jar" />
    <property name="java.endorsed.dirs" value="D:\Java\jdk1.8.0\jre\lib\endorsed" />
    <property name="libs.hibernate-persistencemodelgen.classpath" value="D:\NetBeans Dev 201308072300\java\modules\ext\hibernate\hibernate-jpamodelgen-1.1.1.Final.jar" />
    <property name="libs.Comet-GlassFish-v3.maven-pom" value="" />
    <property name="netbeans.dynamic.classpath" value="D:\NetBeans Dev 201308072300\platform\core\core.jar;D:\NetBeans Dev 201308072300\platform\core\org-openide-filesystems.jar;D:\NetBeans Dev 201308072300\platform\core\locale\core_ja.jar;D:\NetBeans Dev 201308072300\platform\core\locale\core_pt_BR.jar;D:\NetBeans Dev 201308072300\platform\core\locale\core_ru.jar;D:\NetBeans Dev 201308072300\platform\core\locale\core_zh_CN.jar;D:\NetBeans Dev 201308072300\platform\core\locale\org-openide-filesystems_ja.jar;D:\NetBeans Dev 201308072300\platform\core\locale\org-openide-filesystems_pt_BR.jar;D:\NetBeans Dev 201308072300\platform\core\locale\org-openide-filesystems_ru.jar;D:\NetBeans Dev 201308072300\platform\core\locale\org-openide-filesystems_zh_CN.jar;D:\NetBeans Dev 201308072300\nb\core\org-netbeans-upgrader.jar;D:\NetBeans Dev 201308072300\nb\core\locale\core_nb.jar;D:\NetBeans Dev 201308072300\nb\core\locale\org-netbeans-upgrader_ja.jar;D:\NetBeans Dev 201308072300\nb\core\locale\org-netbeans-upgrader_pt_BR.jar;D:\NetBeans Dev 201308072300\nb\core\locale\org-netbeans-upgrader_ru.jar;D:\NetBeans Dev 201308072300\nb\core\locale\org-netbeans-upgrader_zh_CN.jar" />
    <property name="jnlp.enabled" value="false" />
    <property name="ant.file.LambdaStreams-impl" value="D:\NetBeansProjects\prime-sieve\java\nbproject\build-impl.xml" />
    <property name="java.vm.specification.version" value="1.8" />
    <property name="plugin.manager.check.updates" value="false" />
    <property name="libs.primefaces.classpath" value="D:\NetBeans Dev 201308072300\enterprise\modules\ext\primefaces\primefaces-3.5.jar;D:\NetBeans Dev 201308072300\enterprise\modules\ext\commons-fileupload-1.3.jar" />
    <property name="libs.javaee-api-6.0.classpath" value="D:\NetBeans Dev 201308072300\enterprise\modules\ext\javaee-api-6.0.jar" />
    <property name="netbeans.productversion" value="NetBeans IDE Dev (Build 201308072300)" />
    <property name="libs.hibernate-persistence.classpath" value="D:\NetBeans Dev 201308072300\java\modules\ext\hibernate\antlr-2.7.6.jar;D:\NetBeans Dev 201308072300\java\modules\ext\hibernate\cglib-2.2.jar;D:\NetBeans Dev 201308072300\java\modules\ext\hibernate\commons-collections-3.1.jar;D:\NetBeans Dev 201308072300\java\modules\ext\hibernate\dom4j-1.6.1.jar;D:\NetBeans Dev 201308072300\java\modules\ext\hibernate\jta-1.1.jar;D:\NetBeans Dev 201308072300\java\modules\ext\hibernate\hibernate-core-3.6.10.Final.jar;D:\NetBeans Dev 201308072300\java\modules\ext\hibernate\hibernate-commons-annotations-3.2.0.Final.jar;D:\NetBeans Dev 201308072300\java\modules\ext\hibernate\hibernate-entitymanager-3.6.10.Final.jar;D:\NetBeans Dev 201308072300\java\modules\ext\hibernate\hibernate-tools-3.6.0.CR1.jar;D:\NetBeans Dev 201308072300\java\modules\ext\hibernate\javassist-3.12.0.GA.jar;D:\NetBeans Dev 201308072300\java\modules\ext\hibernate\c3p0-0.9.1.jar;D:\NetBeans Dev 201308072300\java\modules\ext\hibernate\oscache-2.1.jar;D:\NetBeans Dev 201308072300\java\modules\ext\hibernate\slf4j-api-1.6.1.jar;D:\NetBeans Dev 201308072300\java\modules\ext\hibernate\slf4j-simple-1.6.1.jar;D:\NetBeans Dev 201308072300\java\modules\ext\hibernate\hibernate-jpa-2.0-api-1.0.1.Final.jar" />
    <property name="libs.jaxws21.src" value="" />
    <property name="application.title" value="LambdaStreams" />
    <property name="do.archive" value="true" />
    <property name="netbeans.autoupdate.language" value="en" />
    <property name="java.vendor" value="Oracle Corporation" />
    <property name="libs.javaee-api-6.0.javadoc" value="D:\NetBeans Dev 201308072300\enterprise\docs\javaee-doc-api.jar" />
    <property name="jar.index.metainf" value="false" />
    <property name="javac.debug" value="true" />
    <property name="javadoc.splitindex" value="true" />
    <property name="file.separator" value="\" />
    <property name="libs.Java-EE-GlassFish-v3-Prelude.maven-pom" value="" />
    <property name="libs.restlib_gfv3ee6.classpath" value="E:\glassfish3\glassfish\modules\jackson-core-asl.jar;E:\glassfish3\glassfish\modules\jackson-jaxrs.jar;E:\glassfish3\glassfish\modules\jackson-mapper-asl.jar;E:\glassfish3\glassfish\modules\jersey-client.jar;E:\glassfish3\glassfish\modules\jersey-core.jar;E:\glassfish3\glassfish\modules\jersey-gf-server.jar;E:\glassfish3\glassfish\modules\jersey-json.jar;E:\glassfish3\glassfish\modules\jersey-multipart.jar;E:\glassfish3\glassfish\modules\jettison.jar;E:\glassfish3\glassfish\modules\mimepull.jar" />
    <property name="ant.file.LambdaStreams" value="D:\NetBeansProjects\prime-sieve\java\build.xml" />
    <property name="libs.junit_4.maven-pom" value="" />
    <property name="mkdist.disabled" value="false" />
    <property name="javac.test.processorpath" value=":build/classes:D:/NetBeansProjects/prime-sieve/java/lib/junit_4/junit-4.10.jar" />
    <property name="netbeans.buildnumber" value="201308072300" />
    <property name="libs.JWSAntTasks.javadoc" value="" />
    <property name="build.generated.sources.dir" value="build/generated-sources" />
    <property name="user.variant" value="" />
    <property name="libs.eclipselinkmodelgen.classpath" value="D:\NetBeans Dev 201308072300\java\modules\ext\eclipselink\org.eclipse.persistence.jpa.modelgen_2.5.0.v20130507-3faac2b.jar" />
    <property name="libs.javaee-endorsed-api-7.0.src" value="" />
    <property name="sun.java.launcher" value="SUN_STANDARD" />
    <property name="libs.junit.classpath" value="D:/NetBeansProjects/prime-sieve/java/lib/junit/junit-3.8.2.jar" />
    <property name="libs.jaxb.javadoc" value="D:\NetBeans Dev 201308072300\ide\docs\jaxb-api-doc.zip" />
    <property name="libs.struts.classpath" value="D:\NetBeans Dev 201308072300\enterprise\modules\ext\struts\antlr-2.7.2.jar;D:\NetBeans Dev 201308072300\enterprise\modules\ext\struts\bsf-2.3.0.jar;D:\NetBeans Dev 201308072300\enterprise\modules\ext\struts\commons-beanutils-1.8.0.jar;D:\NetBeans Dev 201308072300\enterprise\modules\ext\struts\commons-chain-1.2.jar;D:\NetBeans Dev 201308072300\enterprise\modules\ext\struts\commons-digester-1.8.jar;D:\NetBeans Dev 201308072300\enterprise\modules\ext\struts\commons-fileupload-1.1.1.jar;D:\NetBeans Dev 201308072300\enterprise\modules\ext\struts\commons-io-1.1.jar;D:\NetBeans Dev 201308072300\enterprise\modules\ext\struts\commons-logging-1.0.4.jar;D:\NetBeans Dev 201308072300\enterprise\modules\ext\struts\commons-validator-1.3.1.jar;D:\NetBeans Dev 201308072300\enterprise\modules\ext\struts\jstl-1.0.2.jar;D:\NetBeans Dev 201308072300\enterprise\modules\ext\struts\oro-2.0.8.jar;D:\NetBeans Dev 201308072300\enterprise\modules\ext\struts\standard-1.0.6.jar;D:\NetBeans Dev 201308072300\enterprise\modules\ext\struts\struts-core-1.3.10.jar;D:\NetBeans Dev 201308072300\enterprise\modules\ext\struts\struts-el-1.3.10.jar;D:\NetBeans Dev 201308072300\enterprise\modules\ext\struts\struts-extras-1.3.10.jar;D:\NetBeans Dev 201308072300\enterprise\modules\ext\struts\struts-faces-1.3.10.jar;D:\NetBeans Dev 201308072300\enterprise\modules\ext\struts\struts-mailreader-dao-1.3.10.jar;D:\NetBeans Dev 201308072300\enterprise\modules\ext\struts\struts-scripting-1.3.10.jar;D:\NetBeans Dev 201308072300\enterprise\modules\ext\struts\struts-taglib-1.3.10.jar;D:\NetBeans Dev 201308072300\enterprise\modules\ext\struts\struts-tiles-1.3.10.jar" />
    <property name="ant.home" value="D:\NetBeans Dev 201308072300\extide\ant" />
    <property name="libs.junit_4.src" value="D:/NetBeansProjects/prime-sieve/java/lib/junit_4/junit-4.10-sources.jar" />
    <property name="libs.testng.classpath" value="D:\NetBeans Dev 201308072300\platform\modules\ext\testng-6.8.1-dist.jar" />
    <property name="libs.absolutelayout.maven-pom" value="" />
    <property name="ant.java.version" value="1.8" />
    <property name="java.library.path" value="D:\Java\jdk1.8.0\jre\bin;C:\Windows\Sun\Java\bin;C:\Windows\system32;C:\Windows;C:\Program Files (x86)\NVIDIA Corporation\PhysX\Common;D:\app\Catalin\product\11.2.0\dbhome_1\bin;C:\Windows\system32;C:\Windows;C:\Windows\System32\Wbem;C:\Windows\System32\WindowsPowerShell\v1.0\;C:\Program Files\Intel\DMIX;C:\Program Files\TortoiseSVN\bin;C:\Program Files (x86)\QuickTime\QTSystem\;D:\NetBeans 7.3 Beta 2\java\maven\bin;D:\NetBeans 7.3 Beta 2\java\ant\bin;d:\Git\cmd;D:\scala\\bin;;." />
    <property name="javadoc.author" value="false" />
    <property name="libs.metro.maven-pom" value="" />
    <property name="libs.EclipseLink-GlassFish-v3.src" value="" />
    <property name="java.util.logging.config.class" value="org.netbeans.core.startup.TopLogging" />
    <property name="https.proxyPort" value="9090" />
    <property name="libs.PostgreSQLDriver.src" value="" />
    <property name="sun.arch.data.model" value="64" />
    <property name="basedir" value="D:\NetBeansProjects\prime-sieve\java" />
    <property name="libs.jpa20-persistence.maven-pom" value="" />
    <property name="jar.compress" value="false" />
    <property name="libs.javaee-web-api-7.0.classpath" value="D:\NetBeans Dev 201308072300\enterprise\modules\ext\javaee-web-api-7.0.jar" />
    <property name="path.separator" value=";" />
    <property name="libs.javaee-web-api-6.0.javadoc" value="D:\NetBeans Dev 201308072300\enterprise\docs\javaee-doc-api.jar" />
    <property name="ant.junit.enabletestlistenerevents" value="true" />
    <property name="libs.junit_4.prop-maven-dependencies" value="junit:junit:4.10:jar" />
    <property name="sun.io.unicode.encoding" value="UnicodeLittle" />
    <property name="libs.jaxws21.classpath" value="D:\NetBeans Dev 201308072300\ide\modules\ext\jaxb\jaxb-impl.jar;D:\NetBeans Dev 201308072300\ide\modules\ext\jaxb\jaxb-xjc.jar;D:\NetBeans Dev 201308072300\java\modules\ext\jaxws22\FastInfoset.jar;D:\NetBeans Dev 201308072300\java\modules\ext\jaxws22\gmbal-api-only.jar;D:\NetBeans Dev 201308072300\java\modules\ext\jaxws22\ha-api.jar;D:\NetBeans Dev 201308072300\java\modules\ext\jaxws22\javax.mail_1.4.jar;D:\NetBeans Dev 201308072300\java\modules\ext\jaxws22\jaxws-rt.jar;D:\NetBeans Dev 201308072300\java\modules\ext\jaxws22\jaxws-tools.jar;D:\NetBeans Dev 201308072300\java\modules\ext\jaxws22\management-api.jar;D:\NetBeans Dev 201308072300\java\modules\ext\jaxws22\mimepull.jar;D:\NetBeans Dev 201308072300\java\modules\ext\jaxws22\policy.jar;D:\NetBeans Dev 201308072300\java\modules\ext\jaxws22\saaj-impl.jar;D:\NetBeans Dev 201308072300\java\modules\ext\jaxws22\stax-ex.jar;D:\NetBeans Dev 201308072300\java\modules\ext\jaxws22\stax2-api.jar;D:\NetBeans Dev 201308072300\java\modules\ext\jaxws22\streambuffer.jar;D:\NetBeans Dev 201308072300\java\modules\ext\jaxws22\woodstox-core-asl.jar;D:\NetBeans Dev 201308072300\java\modules\ext\jaxws22\api\jaxws-api.jar;D:\NetBeans Dev 201308072300\java\modules\ext\jaxws22\api\jsr181-api.jar;D:\NetBeans Dev 201308072300\java\modules\ext\jaxws22\api\javax.annotation.jar;D:\NetBeans Dev 201308072300\java\modules\ext\jaxws22\api\saaj-api.jar;D:\NetBeans Dev 201308072300\ide\modules\ext\jaxb\activation.jar;D:\NetBeans Dev 201308072300\ide\modules\ext\jaxb\api\jaxb-api.jar;D:\NetBeans Dev 201308072300\ide\modules\ext\jaxb\api\jsr173_1.0_api.jar" />
    <property name="libs.struts.src" value="" />
    <property name="compile.on.save" value="true" />
    <property name="apple.awt.graphics.UseQuartz" value="true" />
    <property name="ant.file.type.LambdaStreams-impl" value="file" />
    <property name="user.language" value="en" />
    <property name="testng.mode" value="testng" />
    <property name="libs.JAXB-ENDORSED.maven-pom" value="" />
    <property name="libs.spring-framework.classpath" value="D:\NetBeans Dev 201308072300\ide\modules\org-apache-commons-logging.jar;D:\NetBeans Dev 201308072300\java\modules\ext\cglib-2.2.jar;D:\NetBeans Dev 201308072300\java\modules\ext\spring\spring-2.5.6.SEC03.jar" />
    <property name="libs.eclipselink.maven-pom" value="" />
    <property name="application.vendor" value="Catalin" />
    <property name="test.binaryincludes" value="&lt;nothing&gt;" />
    <property name="manifest.available" value="true" />
    <property name="libs.primefaces.javadoc" value="" />
    <property name="libs.spring-framework300.maven-pom" value="" />
    <property name="run.test.classpath" value=":build/classes:D:/NetBeansProjects/prime-sieve/java/lib/junit_4/junit-4.10.jar:build/test/classes" />
    <property name="ant.project.invoked-targets" value="test" />
    <property name="test.binaryexcludes" value="" />
    <property name="libs.swing-layout.javadoc" value="D:\NetBeans Dev 201308072300\platform\docs\swing-layout-1.0.4-doc.zip" />
    <property name="sun.java2d.dpiaware" value="true" />
    <property name="libs.ejb3-persistence.maven-pom" value="" />
    <property name="https.nonProxyHosts" value="localhost|127.0.0.1|robert-c-mircea|172.16.41.151|*.orange.intra" />
    <property name="libs.PostgreSQLDriver.maven-pom" value="" />
    <property name="java.class.version" value="52.0" />
    <property name="libs.javaee-endorsed-api-6.0.src" value="" />
    <property name="libs.eclipselink.javadoc" value="" />
    <property name="libs.jsp-compilation.maven-pom" value="" />
    <property name="user.properties.file" value="C:\Users\Catalin\AppData\Roaming\NetBeans\dev\build.properties" />
    <property name="runtime.encoding" value="UTF-8" />
    <property name="libs.spring-framework.src" value="" />
    <property name="libs.javac-api.maven-pom" value="" />
    <property name="file.encoding.pkg" value="sun.io" />
    <property name="sun.cpu.endian" value="little" />
    <property name="libs.JAXB-ENDORSED.javadoc" value="" />
    <property name="libs.JWSAntTasks.classpath" value="D:\NetBeans Dev 201308072300\java\ant\extra\org-netbeans-modules-javawebstart-anttasks.jar" />
    <property name="javac.profile" value="" />
    <property name="libs.spring-framework300.src" value="" />
    <property name="libs.jstl.src" value="" />
    <property name="empty.dir" value="D:\NetBeansProjects\prime-sieve\java\build\empty" />
    <property name="version-output" value="java version &quot;1.8" />
    <property name="test.binarytestincludes" value="" />
    <property name="javadoc.preview" value="true" />
    <property name="libs.jpa20-persistence.javadoc" value="" />
    <property name="nbplatform.default.harness.dir" value="${nbplatform.default.netbeans.dest.dir}/harness" />
    <property name="java.home" value="D:\Java\jdk1.8.0\jre" />
    <property name="libs.jsp-compilation.src" value="" />
    <property name="libs.spring-webmvc.src" value="" />
    <property name="debug.test.classpath" value=":build/classes:D:/NetBeansProjects/prime-sieve/java/lib/junit_4/junit-4.10.jar:build/test/classes" />
    <property name="libs.javaee-endorsed-api-6.0.classpath" value="D:\NetBeans Dev 201308072300\enterprise\modules\ext\javaee6-endorsed\javax.annotation.jar;D:\NetBeans Dev 201308072300\enterprise\modules\ext\javaee6-endorsed\jaxb-api-osgi.jar;D:\NetBeans Dev 201308072300\enterprise\modules\ext\javaee6-endorsed\webservices-api-osgi.jar" />
    <property name="libs.javaee-api-6.0.src" value="" />
    <property name="netbeans.importclass" value="org.netbeans.upgrade.AutoUpgrade" />
    <property name="ant.project.default-target" value="default" />
    <property name="annotation.processing.run.all.processors" value="true" />
    <property name="jar.archive.disabled" value="false" />
    <property name="jnlp.signing.alias" value="" />
    <property name="libs.PostgreSQLDriver.javadoc" value="" />
    <property name="libs.restlib.classpath" value="D:\NetBeans Dev 201308072300\enterprise\modules\ext\jersey2\ext\asm-all-repackaged-2.1.88.jar;D:\NetBeans Dev 201308072300\enterprise\modules\ext\jersey2\ext\cglib-2.1.88.jar;D:\NetBeans Dev 201308072300\enterprise\modules\ext\jersey2\ext\guava-14.0.1.jar;D:\NetBeans Dev 201308072300\enterprise\modules\ext\jersey2\ext\hk2-api-2.1.88.jar;D:\NetBeans Dev 201308072300\enterprise\modules\ext\jersey2\ext\hk2-locator-2.1.88.jar;D:\NetBeans Dev 201308072300\enterprise\modules\ext\jersey2\ext\hk2-utils-2.1.88.jar;D:\NetBeans Dev 201308072300\enterprise\modules\ext\jersey2\ext\javax.annotation-api-1.2.jar;D:\NetBeans Dev 201308072300\enterprise\modules\ext\jersey2\ext\javax.inject-2.1.88.jar;D:\NetBeans Dev 201308072300\enterprise\modules\ext\jersey2\ext\javax.servlet-api-3.1.0.jar;D:\NetBeans Dev 201308072300\enterprise\modules\ext\jersey2\ext\jaxb-api-2.2.7.jar;D:\NetBeans Dev 201308072300\enterprise\modules\ext\jersey2\ext\org.osgi.core-4.2.0.jar;D:\NetBeans Dev 201308072300\enterprise\modules\ext\jersey2\ext\osgi-resource-locator-1.0.1.jar;D:\NetBeans Dev 201308072300\enterprise\modules\ext\jersey2\ext\persistence-api-1.0.jar;D:\NetBeans Dev 201308072300\enterprise\modules\ext\jersey2\ext\validation-api-1.1.0.jar;D:\NetBeans Dev 201308072300\enterprise\modules\ext\jersey2\jersey-client.jar;D:\NetBeans Dev 201308072300\enterprise\modules\ext\jersey2\jersey-common.jar;D:\NetBeans Dev 201308072300\enterprise\modules\ext\jersey2\jersey-container-servlet.jar;D:\NetBeans Dev 201308072300\enterprise\modules\ext\jersey2\jersey-container-servlet-core.jar;D:\NetBeans Dev 201308072300\enterprise\modules\ext\jersey2\jersey-server.jar;D:\NetBeans Dev 201308072300\enterprise\modules\ext\jersey2\extensions\jackson-core-asl-1.9.11.jar;D:\NetBeans Dev 201308072300\enterprise\modules\ext\jersey2\extensions\jackson-jaxrs-1.9.11.jar;D:\NetBeans Dev 201308072300\enterprise\modules\ext\jersey2\extensions\jackson-mapper-asl-1.9.11.jar;D:\NetBeans Dev 201308072300\enterprise\modules\ext\jersey2\extensions\jackson-xc-1.9.11.jar;D:\NetBeans Dev 201308072300\enterprise\modules\ext\jersey2\extensions\jersey-media-json-jackson-2.0.jar;D:\NetBeans Dev 201308072300\enterprise\modules\ext\jersey2\extensions\jersey-media-json-jettison-2.0.jar;D:\NetBeans Dev 201308072300\enterprise\modules\ext\jersey2\extensions\jettison-1.3.3.jar" />
    <property name="libs.MySQLDriver.maven-pom" value="" />
    <property name="libraries.dir.nativedirsep" value="D:\NetBeansProjects\prime-sieve\java\lib" />
    <property name="netbeans.extbrowser.manual_chrome_plugin_install" value="yes" />
    <property name="http.nonProxyHosts" value="localhost|127.0.0.1|robert-c-mircea|172.16.41.151|*.orange.intra" />
    <property name="libs.junit_4.javadoc" value="D:/NetBeansProjects/prime-sieve/java/lib/junit_4/junit-4.10-javadoc.jar" />
    <property name="libs.spring-webmvc.javadoc" value="" />
    <property name="libs.EclipseLink-GlassFish-v3.maven-pom" value="" />
    <property name="libs.javaee-web-api-6.0.maven-pom" value="" />
    <property name="ant.file.type.LambdaStreams" value="file" />
    <property name="run.classpath" value=":build/classes" />
    <property name="libs.hibernate-support.src" value="" />
    <property name="jna.boot.library.name" value="jnidispatch-340" />
    <property name="libs.javaee-endorsed-api-6.0.javadoc" value="D:\NetBeans Dev 201308072300\enterprise\docs\javaee-doc-api.jar" />
    <property name="libs.javaee-api-7.0.classpath" value="D:\NetBeans Dev 201308072300\enterprise\modules\ext\javaee-api-7.0.jar" />
    <property name="sun.awt.datatransfer.timeout" value="1000" />
    <property name="http.proxyHost" value="172.16.64.93" />
    <property name="libs.spring-webmvc3.0.javadoc" value="" />
    <property name="annotation.processing.enabled.in.editor" value="false" />
    <property name="nb.native.filechooser" value="false" />
    <property name="libs.restapi.src" value="" />
    <property name="sun.management.compiler" value="HotSpot 64-Bit Tiered Compilers" />
    <property name="javac.deprecation" value="false" />
    <property name="javadoc.use" value="true" />
    <property name="sun.java2d.noddraw" value="true" />
    <property name="libs.jsp-compiler.classpath" value="D:\NetBeans Dev 201308072300\enterprise\ant\extra\jspcompile.jar" />
    <property name="javac.processorpath" value="" />
    <property name="libs.spring-webmvc.classpath" value="D:\NetBeans Dev 201308072300\enterprise\modules\ext\spring\spring-webmvc-2.5.6.SEC03.jar" />
    <property name="javac.compilerargs" value="" />
    <property name="ant.file" value="D:\NetBeansProjects\prime-sieve\java\build.xml" />
    <property name="libs.beans-binding.maven-pom" value="" />
    <property name="jnlp.codebase.type" value="no.codebase" />
    <property name="libs.jsf12.classpath" value="D:\NetBeans Dev 201308072300\enterprise\modules\ext\jsf-1_2\commons-beanutils.jar;D:\NetBeans Dev 201308072300\enterprise\modules\ext\jsf-1_2\commons-collections.jar;D:\NetBeans Dev 201308072300\enterprise\modules\ext\jsf-1_2\commons-digester.jar;D:\NetBeans Dev 201308072300\enterprise\modules\ext\jsf-1_2\commons-logging.jar;D:\NetBeans Dev 201308072300\enterprise\modules\ext\jsf-1_2\jsf-api.jar;D:\NetBeans Dev 201308072300\enterprise\modules\ext\jsf-1_2\jsf-impl.jar" />
    <property name="libs.Java-EE-GlassFish-v3-Prelude.classpath" value="E:\glassfish3\mq\lib\jaxm-api.jar;E:\glassfish3\glassfish\modules\endorsed\javax.annotation.jar;E:\glassfish3\glassfish\modules\endorsed\jaxb-api-osgi.jar;E:\glassfish3\glassfish\modules\endorsed\webservices-api-osgi.jar;E:\glassfish3\glassfish\modules\bean-validator.jar;E:\glassfish3\glassfish\modules\javax.ejb.jar;E:\glassfish3\glassfish\modules\javax.el-api.jar;E:\glassfish3\glassfish\modules\javax.el.jar;E:\glassfish3\glassfish\modules\javax.enterprise.deploy.jar;E:\glassfish3\glassfish\modules\javax.faces.jar;E:\glassfish3\glassfish\modules\javax.jms.jar;E:\glassfish3\glassfish\modules\javax.mail.jar;E:\glassfish3\glassfish\modules\javax.management.j2ee.jar;E:\glassfish3\glassfish\modules\javax.persistence.jar;E:\glassfish3\glassfish\modules\javax.resource.jar;E:\glassfish3\glassfish\modules\javax.security.auth.message.jar;E:\glassfish3\glassfish\modules\javax.security.jacc.jar;E:\glassfish3\glassfish\modules\javax.servlet-api.jar;E:\glassfish3\glassfish\modules\javax.servlet.jsp-api.jar;E:\glassfish3\glassfish\modules\javax.servlet.jsp.jar;E:\glassfish3\glassfish\modules\javax.servlet.jsp.jstl-api.jar;E:\glassfish3\glassfish\modules\javax.servlet.jsp.jstl.jar;E:\glassfish3\glassfish\modules\javax.transaction.jar;E:\glassfish3\glassfish\modules\jaxb-osgi.jar;E:\glassfish3\glassfish\modules\jersey-core.jar;E:\glassfish3\glassfish\modules\webservices-osgi.jar;E:\glassfish3\glassfish\modules\weld-osgi-bundle.jar" />
    <property name="libs.jstl.maven-pom" value="" />
    <property name="libs.restapi.maven-pom" value="" />
    <property name="libs.beans-binding.src" value="" />
    <property name="java.vm.specification.vendor" value="Oracle Corporation" />
    <property name="libs.swing-layout.src" value="D:\NetBeans Dev 201308072300\platform\docs\swing-layout-1.0.4-src.zip" />
    <property name="org.openide.major.version" value="IDE/1" />
    <property name="java.vm.name" value="Java HotSpot(TM) 64-Bit Server VM" />
    <property name="netbeans.user" value="C:\Users\Catalin\AppData\Roaming\NetBeans\dev" />
    <property name="javadoc.additionalparam" value="" />
    <property name="jnlp.offline-allowed" value="false" />
    <property name="java.io.tmpdir" value="C:\Users\Catalin\AppData\Local\Temp\" />
    <property name="java.vendor.url" value="http://java.oracle.com/" />
    <property name="endorsed.classpath.cmd.line.arg" value="" />
    <property name="junit.available" value="true" />
    <property name="libraries.basename" value="nblibraries" />
    <property name="libs.jsp-compiler.src" value="" />
    <property name="org.openide.awt.ActionReference.completion" value="org.netbeans.modules.apisupport.project.layers.PathCompletions" />
    <property name="sun.boot.library.path" value="D:\Java\jdk1.8.0\jre\bin" />
    <property name="have.sources" value="true" />
    <property name="debug.classpath" value=":build/classes" />
    <property name="javadoc.private" value="false" />
    <property name="test.src.dir" value="test" />
    <property name="libs.jsf20.classpath" value="D:\NetBeans Dev 201308072300\enterprise\modules\ext\jsf-2_2\javax.faces.jar" />
    <property name="ap.processors.internal" value="" />
    <property name="meta.inf.dir" value="src/META-INF" />
    <property name="javadoc.encoding.used" value="UTF-8" />
    <property name="dist.jar" value="dist/LambdaStreams.jar" />
    <property name="netbeans.automatic.build" value="true" />
    <property name="java.runtime.name" value="Java(TM) SE Runtime Environment" />
    <property name="ant.project.name" value="LambdaStreams" />
    <property name="netbeans.hash.code" value="unique=NB_EXTIDE_GFMOD_JAVA_WEBCOMMON_WEBEE05a454a2f-5a34-41d8-b7ee-294ba331e363_a7ff6154-b26c-441c-8baa-f908292d0ab9" />
    <property name="netbeans.default_userdir_root" value="C:\Users\Catalin\AppData\Roaming\NetBeans" />
    <property name="libs.jsp-compilation-syscp.maven-pom" value="" />
    <property name="sun.cpu.isalist" value="amd64" />
    <property name="libs.CopyLibs.javadoc" value="" />
    <property name="libs.hibernate-persistencemodelgen.maven-pom" value="" />
    <property name="org.openide.specification.version" value="6.2" />
    <property name="libs.hibernate-support.classpath" value="D:\NetBeans Dev 201308072300\java\modules\ext\hibernate\dom4j-1.6.1.jar;D:\NetBeans Dev 201308072300\java\modules\ext\hibernate\antlr-2.7.6.jar;D:\NetBeans Dev 201308072300\java\modules\ext\hibernate\cglib-2.2.jar;D:\NetBeans Dev 201308072300\java\modules\ext\hibernate\commons-collections-3.1.jar;D:\NetBeans Dev 201308072300\java\modules\ext\hibernate\jta-1.1.jar;D:\NetBeans Dev 201308072300\java\modules\ext\hibernate\hibernate-core-3.6.10.Final.jar;D:\NetBeans Dev 201308072300\java\modules\ext\hibernate\hibernate-commons-annotations-3.2.0.Final.jar;D:\NetBeans Dev 201308072300\java\modules\ext\hibernate\hibernate-entitymanager-3.6.10.Final.jar;D:\NetBeans Dev 201308072300\java\modules\ext\hibernate\hibernate-tools-3.6.0.CR1.jar;D:\NetBeans Dev 201308072300\java\modules\ext\hibernate\javassist-3.12.0.GA.jar;D:\NetBeans Dev 201308072300\java\modules\ext\hibernate\c3p0-0.9.1.jar;D:\NetBeans Dev 201308072300\java\modules\ext\hibernate\oscache-2.1.jar;D:\NetBeans Dev 201308072300\java\modules\ext\hibernate\slf4j-api-1.6.1.jar;D:\NetBeans Dev 201308072300\java\modules\ext\hibernate\slf4j-simple-1.6.1.jar" />
    <property name="user.home" value="C:\Users\Catalin" />
    <property name="annotation.processing.processors.list" value="" />
    <property name="libs.primefaces.maven-pom" value="" />
    <property name="debug-args-line" value="-Xdebug" />
    <property name="libs.javaee-api-6.0.maven-pom" value="" />
    <property name="libs.JWSAntTasks.src" value="" />
    <property name="jar.index" value="false" />
    <property name="libs.CopyLibs.maven-pom" value="" />
    <property name="libs.spring-framework300.javadoc" value="" />
    <property name="libs.hibernate-persistence.maven-pom" value="" />
    <property name="libs.absolutelayout.javadoc" value="" />
    <property name="java.specification.name" value="Java Platform API Specification" />
    <property name="libs.CopyLibs.prop-version" value="2.0" />
    <property name="libraries.dir" value="D:/NetBeansProjects/prime-sieve/java/lib" />
    <property name="do.archive+main.class.available" value="true" />
    <property name="jnlp.mixed.code" value="default" />
    <property name="java.specification.vendor" value="Oracle Corporation" />
    <property name="libs.javac-api.classpath" value="D:\NetBeans Dev 201308072300\java\modules\ext\nb-javac-api.jar" />
    <property name="java.version" value="1.8.0-ea" />
    <property name="run.jvmargs.ide" value="" />
    <property name="javadoc.version" value="false" />
    <property name="libs.MySQLDriver.javadoc" value="" />
    <property name="org.openide.version" value="deprecated" />
    <property name="libs.restlib_gfv3ee6.maven-pom" value="" />
    <property name="source.encoding" value="UTF-8" />
    <property name="ap.cmd.line.internal" value="" />
    <property name="libs.eclipselinkmodelgen.maven-pom" value="" />
    <property name="libs.jsp-compilation-syscp.javadoc" value="" />
    <property name="libs.junit.maven-pom" value="" />
    <property name="libs.javaee-endorsed-api-7.0.classpath" value="D:\NetBeans Dev 201308072300\enterprise\modules\ext\javaee7-endorsed\javax.annotation-api.jar;D:\NetBeans Dev 201308072300\enterprise\modules\ext\javaee7-endorsed\javax.xml.soap-api.jar;D:\NetBeans Dev 201308072300\enterprise\modules\ext\javaee7-endorsed\jaxb-api-osgi.jar;D:\NetBeans Dev 201308072300\enterprise\modules\ext\javaee7-endorsed\jaxws-api.jar;D:\NetBeans Dev 201308072300\enterprise\modules\ext\javaee7-endorsed\jsr181-api.jar" />
    <property name="libs.eclipselinkmodelgen.javadoc" value="" />
    <property name="libs.metro.javadoc" value="D:\NetBeans Dev 201308072300\enterprise\docs\metro-1.4-doc.zip" />
    <property name="libs.struts.maven-pom" value="" />
    <property name="netbeans.home+have.tests" value="true" />
    <property name="annotation.processing.processor.options" value="" />
    <property name="libs.testng.maven-pom" value="" />
    <property name="libs.jaxb.src" value="" />
    <property name="work.dir" value="D:\NetBeansProjects\prime-sieve\java" />
    <property name="libs.jaxb.classpath" value="D:\NetBeans Dev 201308072300\ide\modules\ext\jaxb\jaxb-impl.jar;D:\NetBeans Dev 201308072300\ide\modules\ext\jaxb\jaxb-xjc.jar;D:\NetBeans Dev 201308072300\ide\modules\ext\jaxb\jaxb1-impl.jar;D:\NetBeans Dev 201308072300\ide\modules\ext\jaxb\activation.jar;D:\NetBeans Dev 201308072300\ide\modules\ext\jaxb\api\jaxb-api.jar;D:\NetBeans Dev 201308072300\ide\modules\ext\jaxb\api\jsr173_1.0_api.jar" />
    <property name="do.depend" value="false" />
    <property name="dist.javadoc.dir" value="dist/javadoc" />
    <property name="libs.spring-webmvc3.0.classpath" value="D:\NetBeans Dev 201308072300\java\modules\ext\spring-3.0\spring-webmvc-3.1.1.RELEASE.jar" />
    <property name="libs.swing-layout.classpath" value="D:\NetBeans Dev 201308072300\platform\modules\ext\swing-layout-1.0.4.jar" />
    <property name="libs.javaee-web-api-7.0.maven-pom" value="" />
    <property name="libs.restlib.src" value="" />
    <property name="javac.source" value="1.8" />
    <property name="build.generated.dir" value="build/generated" />
    <property name="line.separator" value="&#xd;&#xa;" />
    <property name="libs.hibernate-persistence.src" value="" />
    <property name="java.specification.version" value="1.8" />
    <property name="libraries.path" value="D:\NetBeansProjects\prime-sieve\java\lib\nblibraries.properties" />
    <property name="java.vm.info" value="mixed mode" />
    <property name="libs.jaxws21.maven-pom" value="" />
    <property name="nb.junit.batch" value="true" />
    <property name="junit.forkmode" value="perTest" />
    <property name="netbeans.logger.console" value="true" />
    <property name="libs.spring-framework.maven-pom" value="" />
    <property name="sun.boot.class.path" value="D:\Java\jdk1.8.0\jre\lib\resources.jar;D:\Java\jdk1.8.0\jre\lib\rt.jar;D:\Java\jdk1.8.0\jre\lib\sunrsasign.jar;D:\Java\jdk1.8.0\jre\lib\jsse.jar;D:\Java\jdk1.8.0\jre\lib\jce.jar;D:\Java\jdk1.8.0\jre\lib\charsets.jar;D:\Java\jdk1.8.0\jre\lib\jfr.jar;D:\Java\jdk1.8.0\jre\classes" />
    <property name="javac.target" value="1.8" />
    <property name="built-jar.properties" value="D:\NetBeansProjects\prime-sieve\java\build\built-jar.properties" />
    <property name="build.test.classes.dir" value="build/test/classes" />
    <property name="src.dir" value="src" />
    <property name="sun.awt.keepWorkingSetOnMinimize" value="true" />
    <property name="annotation.processing.enabled" value="true" />
    <property name="libs.jsf20.src" value="" />
    <property name="libs.jpa20-persistence.src" value="" />
    <property name="libs.jsf12.src" value="" />
    <property name="libs.junit.prop-maven-dependencies" value="junit:junit:3.8.2:jar" />
    <property name="libs.struts.javadoc" value="D:\NetBeans Dev 201308072300\enterprise\docs\struts-1.3.10-javadoc.zip" />
    <property name="ignore.failing.tests" value="true" />
    <property name="libs.Comet-GlassFish-v3.classpath" value="E:\glassfish3\glassfish\modules\grizzly-comet.jar" />
    <property name="libs.restlib_gfv3ee6.javadoc" value="E:\NetBeans 7.1.2\enterprise\docs\jsr311-api-1.1.1-javadoc.zip" />
    <property name="libs.javaee-web-api-7.0.src" value="" />
    <property name="libs.primefaces.src" value="" />
    <property name="dist.dir" value="dist" />
    <property name="http.proxyPort" value="9090" />
    <property name="testng.debug.mode" value="" />
    <property name="javac.fork" value="false" />
    <property name="java.awt.printerjob" value="sun.awt.windows.WPrinterJob" />
    <property name="default.javac.source" value="1.8" />
    <property name="debug-transport-by-os" value="dt_shmem" />
    <property name="sun.jnu.encoding" value="Cp1252" />
    <property name="libs.MySQLDriver.src" value="" />
    <property name="build.test.results.dir" value="build/test/results" />
    <property name="java.runtime.version" value="1.8.0-ea-b101" />
    <property name="libs.ejb3-persistence.javadoc" value="" />
    <property name="default.javac.target" value="1.8" />
    <property name="libs.junit_4.classpath" value="D:/NetBeansProjects/prime-sieve/java/lib/junit_4/junit-4.10.jar" />
    <property name="user.timezone" value="Europe/Athens" />
    <property name="nb.junit.single" value="false" />
    <property name="do.jar" value="true" />
    <property name="socksProxyHost" value="172.16.64.93" />
    <property name="libs.junit_4.displayName" value="JUnit 4.10" />
    <property name="libs.javaee-endorsed-api-6.0.maven-pom" value="" />
    <property name="netbeans.dirs" value="D:\NetBeans Dev 201308072300\nb;D:\NetBeans Dev 201308072300\ergonomics;D:\NetBeans Dev 201308072300\ide;D:\NetBeans Dev 201308072300\extide;D:\NetBeans Dev 201308072300\java;D:\NetBeans Dev 201308072300\apisupport;D:\NetBeans Dev 201308072300\webcommon;D:\NetBeans Dev 201308072300\websvccommon;D:\NetBeans Dev 201308072300\enterprise;D:\NetBeans Dev 201308072300\mobility;D:\NetBeans Dev 201308072300\profiler;D:\NetBeans Dev 201308072300\python;D:\NetBeans Dev 201308072300\php;D:\NetBeans Dev 201308072300\identity;D:\NetBeans Dev 201308072300\harness;D:\NetBeans Dev 201308072300\cnd;D:\NetBeans Dev 201308072300\dlight;D:\NetBeans Dev 201308072300\groovy;D:\NetBeans Dev 201308072300\extra;D:\NetBeans Dev 201308072300\javacard;D:\NetBeans Dev 201308072300\javafx" />
    <property name="libs.jstl.javadoc" value="D:\NetBeans Dev 201308072300\enterprise\docs\javaee-doc-api.jar" />
    <property name="libs.jsf20.javadoc" value="D:\NetBeans Dev 201308072300\enterprise\docs\javaee-doc-api.jar" />
    <property name="libs.restlib_gfv3ee6.src" value="" />
    <property name="java.ext.dirs" value="D:\Java\jdk1.8.0\jre\lib\ext;C:\Windows\Sun\Java\lib\ext" />
    <property name="libs.metro.src" value="" />
    <property name="endorsed.classpath" value="" />
    <property name="libs.absolutelayout.classpath" value="D:\NetBeans Dev 201308072300\java\modules\ext\AbsoluteLayout.jar" />
    <property name="excludes" value="" />
    <property name="libs.metro.classpath" value="D:\NetBeans Dev 201308072300\ide\modules\ext\jaxb\activation.jar;D:\NetBeans Dev 201308072300\enterprise\modules\ext\metro\webservices-api.jar;D:\NetBeans Dev 201308072300\enterprise\modules\ext\metro\webservices-extra-api.jar;D:\NetBeans Dev 201308072300\enterprise\modules\ext\metro\webservices-extra.jar;D:\NetBeans Dev 201308072300\enterprise\modules\ext\metro\webservices-rt.jar;D:\NetBeans Dev 201308072300\enterprise\modules\ext\metro\webservices-tools.jar" />
    <property name="libs.restlib.maven-pom" value="" />
    <property name="java.class.path" value="D:\NetBeansProjects\prime-sieve\java\build\classes;D:\NetBeansProjects\prime-sieve\java\lib\junit_4\junit-4.10.jar;D:\NetBeansProjects\prime-sieve\java\build\test\classes;D:\NetBeansProjects\prime-sieve\java;C:\Program Files (x86)\Java\jre7\lib\ext\QTJava.zip;D:\NetBeans Dev 201308072300\extide\ant\lib\ant-launcher.jar;D:\NetBeans Dev 201308072300\extide\ant\lib\ant.jar;D:\NetBeans Dev 201308072300\extide\ant\lib\ant-junit.jar;D:\NetBeans Dev 201308072300\extide\ant\lib\ant-junit4.jar" />
    <property name="apple.laf.useScreenMenuBar" value="true" />
    <property name="do.mkdist" value="true" />
    <property name="libs.absolutelayout.src" value="" />
    <property name="libs.jpa20-persistence.classpath" value="D:\NetBeans Dev 201308072300\java\modules\ext\eclipselink\javax.persistence_2.1.0.v201304241213.jar" />
    <property name="os.version" value="6.1" />
    <property name="libs.hibernate-persistencemodelgen.src" value="" />
    <property name="application.args" value="" />
    <property name="libs.EclipseLink-GlassFish-v3.javadoc" value="E:\NetBeans 7.3.1\enterprise\docs\javaee-doc-api.jar" />
    <property name="libs.javaee-api-7.0.maven-pom" value="" />
    <property name="main.class.available" value="true" />
    <property name="sun.awt.enableExtraMouseButtons" value="true" />
    <property name="sun.desktop" value="windows" />
    <property name="libs.Comet-GlassFish-v3.src" value="" />
    <property name="libs.restlib.javadoc" value="" />
    <property name="libs.JAXB-ENDORSED.classpath" value="D:\NetBeans Dev 201308072300\ide\modules\ext\jaxb\api\jaxb-api.jar" />
    <property name="nb.internal.action.name" value="test" />
    <property name="libs.javaee-api-7.0.javadoc" value="D:\NetBeans Dev 201308072300\enterprise\docs\javaee-doc-api.jar" />
    <property name="libs.eclipselink.classpath" value="D:\NetBeans Dev 201308072300\java\modules\ext\eclipselink\eclipselink.jar;D:\NetBeans Dev 201308072300\java\modules\ext\eclipselink\javax.persistence_2.1.0.v201304241213.jar;D:\NetBeans Dev 201308072300\java\modules\ext\eclipselink\org.eclipse.persistence.jpa.jpql_2.5.0.v20130507-3faac2b.jar" />
    <property name="libs.beans-binding.javadoc" value="D:\NetBeans Dev 201308072300\java\docs\beansbinding-1.2.1-doc.zip" />
    <property name="java.awt.graphicsenv" value="sun.awt.Win32GraphicsEnvironment" />
    <property name="libs.junit.displayName" value="JUnit 3.8.2" />
    <property name="java.vm.vendor" value="Oracle Corporation" />
    <property name="libs.CopyLibs.classpath" value="D:/NetBeansProjects/prime-sieve/java/lib/CopyLibs/org-netbeans-modules-java-j2seproject-copylibstask.jar" />
    <property name="libs.spring-framework300.classpath" value="D:\NetBeans Dev 201308072300\ide\modules\org-apache-commons-logging.jar;D:\NetBeans Dev 201308072300\java\modules\ext\cglib-2.2.jar;D:\NetBeans Dev 201308072300\java\modules\ext\spring-3.0\spring-aop-3.1.1.RELEASE.jar;D:\NetBeans Dev 201308072300\java\modules\ext\spring-3.0\spring-asm-3.1.1.RELEASE.jar;D:\NetBeans Dev 201308072300\java\modules\ext\spring-3.0\spring-aspects-3.1.1.RELEASE.jar;D:\NetBeans Dev 201308072300\java\modules\ext\spring-3.0\spring-beans-3.1.1.RELEASE.jar;D:\NetBeans Dev 201308072300\java\modules\ext\spring-3.0\spring-context-3.1.1.RELEASE.jar;D:\NetBeans Dev 201308072300\java\modules\ext\spring-3.0\spring-context-support-3.1.1.RELEASE.jar;D:\NetBeans Dev 201308072300\java\modules\ext\spring-3.0\spring-core-3.1.1.RELEASE.jar;D:\NetBeans Dev 201308072300\java\modules\ext\spring-3.0\spring-expression-3.1.1.RELEASE.jar;D:\NetBeans Dev 201308072300\java\modules\ext\spring-3.0\spring-instrument-3.1.1.RELEASE.jar;D:\NetBeans Dev 201308072300\java\modules\ext\spring-3.0\spring-instrument-tomcat-3.1.1.RELEASE.jar;D:\NetBeans Dev 201308072300\java\modules\ext\spring-3.0\spring-jdbc-3.1.1.RELEASE.jar;D:\NetBeans Dev 201308072300\java\modules\ext\spring-3.0\spring-jms-3.1.1.RELEASE.jar;D:\NetBeans Dev 201308072300\java\modules\ext\spring-3.0\spring-orm-3.1.1.RELEASE.jar;D:\NetBeans Dev 201308072300\java\modules\ext\spring-3.0\spring-oxm-3.1.1.RELEASE.jar;D:\NetBeans Dev 201308072300\java\modules\ext\spring-3.0\spring-test-3.1.1.RELEASE.jar;D:\NetBeans Dev 201308072300\java\modules\ext\spring-3.0\spring-tx-3.1.1.RELEASE.jar;D:\NetBeans Dev 201308072300\java\modules\ext\spring-3.0\spring-web-3.1.1.RELEASE.jar;D:\NetBeans Dev 201308072300\java\modules\ext\spring-3.0\spring-webmvc-portlet-3.1.1.RELEASE.jar;D:\NetBeans Dev 201308072300\java\modules\ext\spring-3.0\spring-webmvc-3.1.1.RELEASE.jar;D:\NetBeans Dev 201308072300\java\modules\ext\spring-3.0\spring-struts-3.1.1.RELEASE.jar" />
    <property name="libs.jsp-compiler.maven-pom" value="" />
    <property name="libs.spring-webmvc.maven-pom" value="" />
    <property name="run.jvmargs" value="-Xms5120m -Xmx5120m -Xss256m  -XX:+UseConcMarkSweepGC" />
    <property name="libs.ejb3-persistence.classpath" value="D:\NetBeans Dev 201308072300\java\modules\ext\hibernate\hibernate-jpa-2.0-api-1.0.1.Final.jar" />
    <property name="libs.hibernate-persistencemodelgen.javadoc" value="" />
    <property name="libs.JAXB-ENDORSED.src" value="" />
    <property name="libs.spring-framework.javadoc" value="" />
    <property name="libs.testng.javadoc" value="D:\NetBeans Dev 201308072300\platform\docs\testng-6.8.1-javadoc.zip" />
    <property name="user.script" value="" />
    <property name="libs.PostgreSQLDriver.classpath" value="D:\NetBeans Dev 201308072300\ide\modules\ext\postgresql-9.2-1002.jdbc4.jar" />
    <property name="libs.jsf12.maven-pom" value="" />
    <property name="jnlp.signing" value="" />
    <property name="libs.junit.src" value="" />
    <property name="jnlp.signed" value="false" />
    <property name="annotation.processing.source.output" value="build/generated-sources/ap-source-output" />
    <property name="main.class" value="ro.lazcatluc.lambda.streams.Eratostene" />
    <property name="libs.CopyLibs.displayName" value="CopyLibs Task" />
    <property name="libs.CopyLibs.src" value="" />
    <property name="build.dir" value="build" />
    <property name="libs.jsp-compilation.classpath" value="D:\NetBeans Dev 201308072300\extide\ant\lib\ant.jar;D:\NetBeans Dev 201308072300\enterprise\modules\ext\servlet3.1-jsp2.3-api.jar;D:\NetBeans Dev 201308072300\enterprise\modules\ext\glassfish-jspparser-4.0.jar;D:\NetBeans Dev 201308072300\enterprise\modules\ext\jsf-2_2\javax.faces.jar;D:\NetBeans Dev 201308072300\enterprise\modules\ext\jstl-api.jar;D:\NetBeans Dev 201308072300\extide\ant\lib\ant-launcher.jar" />
    <property name="ant.version" value="Apache Ant(TM) version 1.9.1 compiled on May 15 2013" />
    <property name="file.encoding" value="Cp1252" />
    <property name="build.classes.excludes" value="**/*.java,**/*.form" />
    <property name="jdkBug6558476" value="false" />
    <property name="javadoc.nonavbar" value="false" />
    <property name="platform.active" value="default_platform" />
    <property name="https.proxyHost" value="172.16.64.93" />
    <property name="awt.toolkit" value="sun.awt.windows.WToolkit" />
    <property name="libs.javaee-web-api-7.0.javadoc" value="D:\NetBeans Dev 201308072300\enterprise\docs\javaee-doc-api.jar" />
  </properties>
  <testcase classname="ro.lazcatluc.lambda.streams.EratosteneTest" name="firstFiveNaturalNumbers" time="0.002" />
  <testcase classname="ro.lazcatluc.lambda.streams.EratosteneTest" name="testDiff" time="0.208" />
  <testcase classname="ro.lazcatluc.lambda.streams.EratosteneTest" name="firstTenPrimes" time="0.002" />
  <system-out><![CDATA[]]></system-out>
  <system-err><![CDATA[]]></system-err>
</testsuite>
